<?xml version="1.0" encoding="UTF-8"?>
<!-- Generated by org.testng.reporters.JUnitReportReporter -->
<testsuite skipped="0" hostname="LENOVO-PC" name="com.yourlogo.testcases.LoginPageTest" tests="3" failures="0" timestamp="10 Sep 2020 13:32:32 GMT" time="79.902" errors="0">
  <testcase name="VerifySignOutTest" time="33.234" classname="com.yourlogo.testcases.LoginPageTest"/>
  <testcase name="ValidateLoginTest" time="29.751" classname="com.yourlogo.testcases.LoginPageTest"/>
  <testcase name="VerifyForgetPasswordtest" time="16.917" classname="com.yourlogo.testcases.LoginPageTest"/>
</testsuite> <!-- com.yourlogo.testcases.LoginPageTest -->
