<?xml version="1.0" encoding="UTF-8"?>
<!-- Generated by org.testng.reporters.JUnitReportReporter -->
<testsuite skipped="0" hostname="hp-PC" name="com.yourlogo.testcases.RegestrationPageTest" tests="1" failures="0" timestamp="10 Sep 2020 10:42:57 GMT" time="20.867" errors="0">
  <testcase name="verifyReadDatafromExcel" time="20.867" classname="com.yourlogo.testcases.RegestrationPageTest"/>
</testsuite> <!-- com.yourlogo.testcases.RegestrationPageTest -->
