<?xml version="1.0" encoding="UTF-8"?>
<!-- Generated by org.testng.reporters.JUnitReportReporter -->
<testsuite skipped="0" hostname="hp-PC" name="com.yourlogo.testcases.QuickViewTest" tests="1" failures="0" timestamp="23 Jan 2021 09:46:47 GMT" time="14.578" errors="0">
  <testcase name="VerifyProductAddtoCartTest" time="14.578" classname="com.yourlogo.testcases.QuickViewTest"/>
</testsuite> <!-- com.yourlogo.testcases.QuickViewTest -->
