<?xml version="1.0" encoding="UTF-8"?>
<!-- Generated by org.testng.reporters.JUnitReportReporter -->
<testsuite skipped="0" hostname="hp-PC" name="com.yourlogo.testcases.QuickViewTest" tests="1" failures="0" timestamp="24 Oct 2020 13:51:14 GMT" time="23.435" errors="0">
  <testcase name="VerifyProductAddtoCartTest" time="23.435" classname="com.yourlogo.testcases.QuickViewTest"/>
</testsuite> <!-- com.yourlogo.testcases.QuickViewTest -->
