<?xml version="1.0" encoding="UTF-8"?>
<!-- Generated by org.testng.reporters.JUnitReportReporter -->
<testsuite skipped="0" hostname="hp-PC" name="com.yourlogo.testcases.CartPageTest" tests="2" failures="0" timestamp="12 Mar 2020 17:34:35 GMT" time="40.265" errors="0">
  <testcase name="VerifyContinueShopping" time="23.925" classname="com.yourlogo.testcases.CartPageTest"/>
  <testcase name="VerifyCartPagetitleTest" time="16.340" classname="com.yourlogo.testcases.CartPageTest"/>
</testsuite> <!-- com.yourlogo.testcases.CartPageTest -->
