<?xml version="1.0" encoding="UTF-8"?>
<!-- Generated by org.testng.reporters.JUnitReportReporter -->
<testsuite skipped="2" hostname="LENOVO-PC" name="com.yourlogo.testcases.SearchPageTest" tests="4" failures="0" timestamp="10 Sep 2020 13:32:32 GMT" time="33.491" errors="0">
  <testcase name="VerifykeywordFromSearchPageTest" time="12.452" classname="com.yourlogo.testcases.SearchPageTest"/>
  <testcase name="VerifyAddToCartTest" time="21.039" classname="com.yourlogo.testcases.SearchPageTest"/>
  <testcase name="VerifyProductsPerPageTest" classname="com.yourlogo.testcases.SearchPageTest">
    <skipped/>
  </testcase> <!-- VerifyProductsPerPageTest -->
  <testcase name="ValidateMoreButtonTest" classname="com.yourlogo.testcases.SearchPageTest">
    <skipped/>
  </testcase> <!-- ValidateMoreButtonTest -->
</testsuite> <!-- com.yourlogo.testcases.SearchPageTest -->
