<?xml version="1.0" encoding="UTF-8"?>
<!-- Generated by org.testng.reporters.JUnitReportReporter -->
<testsuite skipped="0" hostname="hp-PC" name="com.yourlogo.testcases.HomePageTest" tests="1" failures="0" timestamp="16 Feb 2021 12:41:27 GMT" time="92.406" errors="0">
  <testcase name="VerifyHomePageLogotest" time="92.406" classname="com.yourlogo.testcases.HomePageTest"/>
</testsuite> <!-- com.yourlogo.testcases.HomePageTest -->
