<?xml version="1.0" encoding="UTF-8"?>
<!-- Generated by org.testng.reporters.JUnitReportReporter -->
<testsuite skipped="2" hostname="hp-PC" name="com.yourlogo.testcases.SearchPageTest" tests="3" failures="0" timestamp="23 Jan 2021 09:16:18 GMT" time="18.593" errors="0">
  <testcase name="VerifyAddToCartTest" time="18.593" classname="com.yourlogo.testcases.SearchPageTest"/>
  <testcase name="VerifyProductsPerPageTest" classname="com.yourlogo.testcases.SearchPageTest">
    <skipped/>
  </testcase> <!-- VerifyProductsPerPageTest -->
  <testcase name="ValidateMoreButtonTest" classname="com.yourlogo.testcases.SearchPageTest">
    <skipped/>
  </testcase> <!-- ValidateMoreButtonTest -->
</testsuite> <!-- com.yourlogo.testcases.SearchPageTest -->
