<?xml version="1.0" encoding="UTF-8"?>
<!-- Generated by org.testng.reporters.JUnitReportReporter -->
<testsuite skipped="0" hostname="hp-PC" name="com.yourlogo.testcases.ProductDescriptionPageTest" tests="2" failures="0" timestamp="28 Aug 2020 11:52:41 GMT" time="19.596" errors="0">
  <testcase name="VerifyAddToWishlistTest" time="13.148" classname="com.yourlogo.testcases.ProductDescriptionPageTest"/>
  <testcase name="VerifyAddtoCartTest" time="6.448" classname="com.yourlogo.testcases.ProductDescriptionPageTest"/>
</testsuite> <!-- com.yourlogo.testcases.ProductDescriptionPageTest -->
