<?xml version="1.0" encoding="UTF-8"?>
<!-- Generated by org.testng.reporters.JUnitReportReporter -->
<testsuite skipped="0" hostname="hp-PC" name="com.yourlogo.testcases.CartPageTest" tests="1" failures="0" timestamp="05 Jun 2020 14:00:41 GMT" time="10.573" errors="0">
  <testcase name="VerifyCartPagetitleTest" time="10.573" classname="com.yourlogo.testcases.CartPageTest"/>
</testsuite> <!-- com.yourlogo.testcases.CartPageTest -->
