<?xml version="1.0" encoding="UTF-8"?>
<!-- Generated by org.testng.reporters.JUnitReportReporter -->
<testsuite skipped="0" hostname="LENOVO-PC" name="com.yourlogo.testcases.QuickViewTest" tests="1" failures="0" timestamp="10 Sep 2020 13:38:33 GMT" time="20.114" errors="0">
  <testcase name="VerifyProductAddtoCartTest" time="20.114" classname="com.yourlogo.testcases.QuickViewTest"/>
</testsuite> <!-- com.yourlogo.testcases.QuickViewTest -->
