<?xml version="1.0" encoding="UTF-8"?>
<!-- Generated by org.testng.reporters.JUnitReportReporter -->
<testsuite skipped="0" hostname="hp-PC" name="com.yourlogo.testcases.CartPageTest" tests="3" failures="0" timestamp="08 Sep 2020 13:37:04 GMT" time="33.095" errors="0">
  <testcase name="VerifyContinueShopping" time="13.120" classname="com.yourlogo.testcases.CartPageTest"/>
  <testcase name="DeleteProductTest" time="12.929" classname="com.yourlogo.testcases.CartPageTest"/>
  <testcase name="VerifyCartPagetitleTest" time="7.046" classname="com.yourlogo.testcases.CartPageTest"/>
</testsuite> <!-- com.yourlogo.testcases.CartPageTest -->
