<?xml version="1.0" encoding="UTF-8"?>
<!-- Generated by org.testng.reporters.JUnitReportReporter -->
<testsuite skipped="0" hostname="hp-PC" name="com.yourlogo.testcases.ProductDescriptionPageTest" tests="1" failures="0" timestamp="23 Jan 2021 09:46:47 GMT" time="4.254" errors="0">
  <testcase name="VerifyAddtoCartTest" time="4.254" classname="com.yourlogo.testcases.ProductDescriptionPageTest"/>
</testsuite> <!-- com.yourlogo.testcases.ProductDescriptionPageTest -->
