<?xml version="1.0" encoding="UTF-8"?>
<!-- Generated by org.testng.reporters.JUnitReportReporter -->
<testsuite skipped="2" hostname="hp-PC" name="com.yourlogo.testcases.SearchPageTest" tests="3" failures="0" timestamp="05 Jun 2020 13:58:24 GMT" time="6.444" errors="0">
  <testcase name="AddToCartTest" time="6.444" classname="com.yourlogo.testcases.SearchPageTest"/>
  <testcase name="MoreButtonTest" classname="com.yourlogo.testcases.SearchPageTest">
    <skipped/>
  </testcase> <!-- MoreButtonTest -->
  <testcase name="ProductsPerPageTest" classname="com.yourlogo.testcases.SearchPageTest">
    <skipped/>
  </testcase> <!-- ProductsPerPageTest -->
</testsuite> <!-- com.yourlogo.testcases.SearchPageTest -->
