<?xml version="1.0" encoding="UTF-8"?>
<!-- Generated by org.testng.reporters.JUnitReportReporter -->
<testsuite skipped="0" hostname="LENOVO-PC" name="com.yourlogo.testcases.ProductDescriptionPageTest" tests="1" failures="0" timestamp="10 Sep 2020 13:32:32 GMT" time="20.292" errors="0">
  <testcase name="VerifyAddtoCartTest" time="20.292" classname="com.yourlogo.testcases.ProductDescriptionPageTest"/>
</testsuite> <!-- com.yourlogo.testcases.ProductDescriptionPageTest -->
