<?xml version="1.0" encoding="UTF-8"?>
<!-- Generated by org.testng.reporters.JUnitReportReporter -->
<testsuite skipped="0" hostname="hp-PC" name="com.yourlogo.testcases.LoginPageTest" tests="3" failures="0" timestamp="23 Jan 2021 09:46:47 GMT" time="40.763" errors="0">
  <testcase name="VerifySignOutTest" time="18.005" classname="com.yourlogo.testcases.LoginPageTest"/>
  <testcase name="ValidateLoginTest" time="9.632" classname="com.yourlogo.testcases.LoginPageTest"/>
  <testcase name="VerifyForgetPasswordtest" time="13.126" classname="com.yourlogo.testcases.LoginPageTest"/>
</testsuite> <!-- com.yourlogo.testcases.LoginPageTest -->
