<?xml version="1.0" encoding="UTF-8"?>
<!-- Generated by org.testng.reporters.JUnitReportReporter -->
<testsuite skipped="2" hostname="hp-PC" name="com.yourlogo.testcases.SearchPageTest" tests="4" failures="0" timestamp="24 Oct 2020 13:51:14 GMT" time="23.589" errors="0">
  <testcase name="VerifykeywordFromSearchPageTest" time="8.391" classname="com.yourlogo.testcases.SearchPageTest"/>
  <testcase name="VerifyAddToCartTest" time="15.198" classname="com.yourlogo.testcases.SearchPageTest"/>
  <testcase name="VerifyProductsPerPageTest" classname="com.yourlogo.testcases.SearchPageTest">
    <skipped/>
  </testcase> <!-- VerifyProductsPerPageTest -->
  <testcase name="ValidateMoreButtonTest" classname="com.yourlogo.testcases.SearchPageTest">
    <skipped/>
  </testcase> <!-- ValidateMoreButtonTest -->
</testsuite> <!-- com.yourlogo.testcases.SearchPageTest -->
