<?xml version="1.0" encoding="UTF-8"?>
<!-- Generated by org.testng.reporters.JUnitReportReporter -->
<testsuite skipped="0" hostname="hp-PC" name="com.yourlogo.testcases.ProductDescriptionPageTest" tests="1" failures="0" timestamp="18 Aug 2020 07:41:03 GMT" time="8.194" errors="0">
  <testcase name="VerifyAddtoCartTest" time="8.194" classname="com.yourlogo.testcases.ProductDescriptionPageTest"/>
</testsuite> <!-- com.yourlogo.testcases.ProductDescriptionPageTest -->
