<?xml version="1.0" encoding="UTF-8"?>
<!-- Generated by org.testng.reporters.JUnitReportReporter -->
<testsuite skipped="0" hostname="hp-PC" name="com.yourlogo.testcases.LoginPageTest" tests="11" failures="0" timestamp="08 Sep 2020 13:37:04 GMT" time="133.844" errors="0">
  <testcase name="ValidateLoginTest" time="12.909" classname="com.yourlogo.testcases.LoginPageTest"/>
  <testcase name="validateInvalidCreateEmail" time="13.334" classname="com.yourlogo.testcases.LoginPageTest"/>
  <testcase name="VerifyLoginPagetitletest" time="7.865" classname="com.yourlogo.testcases.LoginPageTest"/>
  <testcase name="VerifyCartLinkTest" time="13.845" classname="com.yourlogo.testcases.LoginPageTest"/>
  <testcase name="VerifySearchBox" time="13.313" classname="com.yourlogo.testcases.LoginPageTest"/>
  <testcase name="InvalidCredentialsTest" time="10.404" classname="com.yourlogo.testcases.LoginPageTest"/>
  <testcase name="VerifyTopNavigationOnLogin" time="10.444" classname="com.yourlogo.testcases.LoginPageTest"/>
  <testcase name="VerifySignOutTest" time="16.108" classname="com.yourlogo.testcases.LoginPageTest"/>
  <testcase name="VerifyTopNavigationOnLogin" time="11.261" classname="com.yourlogo.testcases.LoginPageTest"/>
  <testcase name="VerifyTopNavigationOnLogin" time="13.363" classname="com.yourlogo.testcases.LoginPageTest"/>
  <testcase name="VerifyForgetPasswordtest" time="10.998" classname="com.yourlogo.testcases.LoginPageTest"/>
</testsuite> <!-- com.yourlogo.testcases.LoginPageTest -->
