<?xml version="1.0" encoding="UTF-8"?>
<!-- Generated by org.testng.reporters.JUnitReportReporter -->
<testsuite skipped="2" hostname="hp-PC" name="com.yourlogo.testcases.SearchPageTest" tests="3" failures="0" timestamp="13 Aug 2020 15:34:21 GMT" time="8.534" errors="0">
  <testcase name="LoadPage" time="8.534" classname="com.yourlogo.testcases.SearchPageTest"/>
  <testcase name="MoreButtonTest" classname="com.yourlogo.testcases.SearchPageTest">
    <skipped/>
  </testcase> <!-- MoreButtonTest -->
  <testcase name="ProductsPerPageTest" classname="com.yourlogo.testcases.SearchPageTest">
    <skipped/>
  </testcase> <!-- ProductsPerPageTest -->
</testsuite> <!-- com.yourlogo.testcases.SearchPageTest -->
